2017-05-29 at 16:36:36 CST TRACE com.bupt.test.Test 11 main - 开始程序.
2017-05-29 at 16:36:36 CST TRACE com.bupt.test.Hello 11 hello - entry
2017-05-29 at 16:36:36 CST ERROR com.bupt.test.Hello 12 hello - Did it again!
2017-05-29 at 16:36:36 CST INFO  com.bupt.test.Hello 13 hello - 我是info信息
2017-05-29 at 16:36:36 CST DEBUG com.bupt.test.Hello 14 hello - 我是debug信息
2017-05-29 at 16:36:36 CST WARN  com.bupt.test.Hello 15 hello - 我是warn信息
2017-05-29 at 16:36:36 CST FATAL com.bupt.test.Hello 16 hello - 我是fatal信息
2017-05-29 at 16:36:36 CST TRACE com.bupt.test.Hello 17 hello - exit
2017-05-29 at 16:36:36 CST ERROR com.bupt.test.Test 15 main - hello
2017-05-29 at 16:36:36 CST TRACE com.bupt.test.Test 18 main - 退出程序.
2017-05-29 at 16:45:31 CST TRACE com.bupt.test.Test 11 main - 开始程序.
2017-05-29 at 16:45:31 CST TRACE com.bupt.test.Hello 11 hello - entry
2017-05-29 at 16:45:31 CST ERROR com.bupt.test.Hello 12 hello - Did it again!
2017-05-29 at 16:45:31 CST INFO  com.bupt.test.Hello 13 hello - 我是info信息
2017-05-29 at 16:45:31 CST DEBUG com.bupt.test.Hello 14 hello - 我是debug信息
2017-05-29 at 16:45:31 CST WARN  com.bupt.test.Hello 15 hello - 我是warn信息
2017-05-29 at 16:45:31 CST FATAL com.bupt.test.Hello 16 hello - 我是fatal信息
2017-05-29 at 16:45:31 CST TRACE com.bupt.test.Hello 17 hello - exit
2017-05-29 at 16:45:31 CST ERROR com.bupt.test.Test 15 main - hello
2017-05-29 at 16:45:31 CST TRACE com.bupt.test.Test 18 main - 退出程序.
